f:\work\college\sem 6\project\code\letsmakeitnow\3dlibd2solution\debug\3dlibd2solution.lib
f:\work\college\sem 6\project\code\letsmakeitnow\3dlibd2solution\debug\3dlibd2solution.exp
f:\work\college\sem 6\project\code\letsmakeitnow\3dlibd2solution\3dlibd2solution\debug\vc142.pdb
f:\work\college\sem 6\project\code\letsmakeitnow\3dlibd2solution\3dlibd2solution\debug\vc142.idb
f:\work\college\sem 6\project\code\letsmakeitnow\3dlibd2solution\3dlibd2solution\debug\shader.obj
f:\work\college\sem 6\project\code\letsmakeitnow\3dlibd2solution\3dlibd2solution\debug\object.obj
f:\work\college\sem 6\project\code\letsmakeitnow\3dlibd2solution\3dlibd2solution\debug\mainframe.obj
f:\work\college\sem 6\project\code\letsmakeitnow\3dlibd2solution\3dlibd2solution\debug\glpane.obj
f:\work\college\sem 6\project\code\letsmakeitnow\3dlibd2solution\3dlibd2solution\debug\app.obj
f:\work\college\sem 6\project\code\letsmakeitnow\3dlibd2solution\3dlibd2solution\debug\glpanerenderer.obj
f:\work\college\sem 6\project\code\letsmakeitnow\3dlibd2solution\3dlibd2solution\debug\glpanecontrol.obj
f:\work\college\sem 6\project\code\letsmakeitnow\3dlibd2solution\debug\3dlibd2solution.exe
f:\work\college\sem 6\project\code\letsmakeitnow\3dlibd2solution\debug\3dlibd2solution.ilk
f:\work\college\sem 6\project\code\letsmakeitnow\3dlibd2solution\debug\3dlibd2solution.pdb
f:\work\college\sem 6\project\code\letsmakeitnow\3dlibd2solution\3dlibd2solution\debug\3dlibd2solution.res
f:\work\college\sem 6\project\code\letsmakeitnow\3dlibd2solution\3dlibd2solution\debug\shape.obj
f:\work\college\sem 6\project\code\letsmakeitnow\3dlibd2solution\3dlibd2solution\debug\glpanerenderer.obj.enc
f:\work\college\sem 6\project\code\letsmakeitnow\3dlibd2solution\3dlibd2solution\debug\3dlibd2solution.tlog\3dlibd2solution.write.1u.tlog
f:\work\college\sem 6\project\code\letsmakeitnow\3dlibd2solution\3dlibd2solution\debug\3dlibd2solution.tlog\cl.command.1.tlog
f:\work\college\sem 6\project\code\letsmakeitnow\3dlibd2solution\3dlibd2solution\debug\3dlibd2solution.tlog\cl.read.1.tlog
f:\work\college\sem 6\project\code\letsmakeitnow\3dlibd2solution\3dlibd2solution\debug\3dlibd2solution.tlog\cl.write.1.tlog
f:\work\college\sem 6\project\code\letsmakeitnow\3dlibd2solution\3dlibd2solution\debug\3dlibd2solution.tlog\link.command.1.tlog
f:\work\college\sem 6\project\code\letsmakeitnow\3dlibd2solution\3dlibd2solution\debug\3dlibd2solution.tlog\link.read.1.tlog
f:\work\college\sem 6\project\code\letsmakeitnow\3dlibd2solution\3dlibd2solution\debug\3dlibd2solution.tlog\link.write.1.tlog
f:\work\college\sem 6\project\code\letsmakeitnow\3dlibd2solution\3dlibd2solution\debug\3dlibd2solution.tlog\rc.command.1.tlog
f:\work\college\sem 6\project\code\letsmakeitnow\3dlibd2solution\3dlibd2solution\debug\3dlibd2solution.tlog\rc.read.1.tlog
f:\work\college\sem 6\project\code\letsmakeitnow\3dlibd2solution\3dlibd2solution\debug\3dlibd2solution.tlog\rc.write.1.tlog
